<?xml version="1.0" encoding="UTF-8"?>
<!-- Generated by org.testng.reporters.JUnitXMLReporter -->
<testsuite ignored="1" hostname="DESKTOP-EPM98TU" failures="0" tests="1" name="parameter" time="0.112" errors="0" timestamp="2025-02-12T22:16:13 IST">
  <testcase classname="testscript.Base" name="@BeforeMethod beforeMethod" time="-1.739378773126E9">
    <failure type="org.testng.TestNGException" message="
Parameter &amp;apos;browzer&amp;apos; is required by BeforeMethod on method beforeMethod but has not been marked @Optional or defined
in C:\Users\user\git\mavenrepo\7rMartSuperMarket\parameter1.xml">
      <![CDATA[org.testng.TestNGException: 
Parameter 'browzer' is required by BeforeMethod on method beforeMethod but has not been marked @Optional or defined
in C:\Users\user\git\mavenrepo\7rMartSuperMarket\parameter1.xml
at java.base/java.util.ArrayList.forEach(ArrayList.java:1596)
... Removed 28 stack frames]]>
    </failure>
  </testcase> <!-- @BeforeMethod beforeMethod -->
  <testcase classname="testscript.Base" name="@AfterMethod afterMethod" time="0.0">
    <skipped/>
  </testcase> <!-- @AfterMethod afterMethod -->
  <testcase classname="testscript.AdminuserTest" name="verifynewuserisadded" time="0.0">
    <skipped/>
  </testcase> <!-- verifynewuserisadded -->
  <testcase classname="testscript.AdminuserTest" name="verifyadminuserissearchable" time="0.0">
    <ignored/>
  </testcase> <!-- verifyadminuserissearchable -->
</testsuite> <!-- parameter -->
