<?xml version="1.0" encoding="UTF-8"?>
<!-- Generated by org.testng.reporters.JUnitXMLReporter -->
<testsuite ignored="0" hostname="DESKTOP-EPM98TU" failures="4" tests="4" name="Test" time="13.215" errors="0" timestamp="2025-01-21T13:15:48 IST">
  <testcase classname="testscript.LoginTest" name="verifyuserisabletologinwithvalidusernameandpassword" time="0.394">
    <failure type="java.lang.NullPointerException" message="Cannot invoke &amp;quot;pages.LoginPage.clicksigninbutton()&amp;quot; because &amp;quot;this.login&amp;quot; is null">
      <![CDATA[java.lang.NullPointerException: Cannot invoke "pages.LoginPage.clicksigninbutton()" because "this.login" is null
at testscript.LoginTest.verifyuserisabletologinwithvalidusernameandpassword(LoginTest.java:19)
at java.base/java.util.ArrayList.forEach(ArrayList.java:1596)
... Removed 25 stack frames]]>
    </failure>
  </testcase> <!-- verifyuserisabletologinwithvalidusernameandpassword -->
  <testcase classname="testscript.LoginTest" name="verifyuserisabletologinwithvalidusernameandinvalidpassword" time="0.0">
    <failure type="org.testng.TestNGException" message="
Parameter &amp;apos;username&amp;apos; is required by @Test on method verifyuserisabletologinwithvalidusernameandinvalidpassword but has not been marked @Optional or defined
in C:\Users\user\git\mavenrepo\7rMartSuperMarket\testng.xml">
      <![CDATA[org.testng.TestNGException: 
Parameter 'username' is required by @Test on method verifyuserisabletologinwithvalidusernameandinvalidpassword but has not been marked @Optional or defined
in C:\Users\user\git\mavenrepo\7rMartSuperMarket\testng.xml
at java.base/java.util.ArrayList.forEach(ArrayList.java:1596)
... Removed 26 stack frames]]>
    </failure>
  </testcase> <!-- verifyuserisabletologinwithvalidusernameandinvalidpassword -->
  <testcase classname="testscript.LoginTest" name="verifyuserisabletologinwithinvalidusernameandvalidpassword" time="0.32">
    <failure type="java.lang.NullPointerException" message="Cannot invoke &amp;quot;pages.LoginPage.clicksigninbutton()&amp;quot; because &amp;quot;this.login&amp;quot; is null">
      <![CDATA[java.lang.NullPointerException: Cannot invoke "pages.LoginPage.clicksigninbutton()" because "this.login" is null
at testscript.LoginTest.verifyuserisabletologinwithinvalidusernameandvalidpassword(LoginTest.java:41)
at java.base/java.util.ArrayList.forEach(ArrayList.java:1596)
... Removed 25 stack frames]]>
    </failure>
  </testcase> <!-- verifyuserisabletologinwithinvalidusernameandvalidpassword -->
  <testcase classname="testscript.LoginTest" name="verifyuserisabletologinwithinvalidusernameandinvalidpassword" time="0.286">
    <failure type="java.lang.NullPointerException" message="Cannot invoke &amp;quot;pages.LoginPage.clicksigninbutton()&amp;quot; because &amp;quot;this.login&amp;quot; is null">
      <![CDATA[java.lang.NullPointerException: Cannot invoke "pages.LoginPage.clicksigninbutton()" because "this.login" is null
at testscript.LoginTest.verifyuserisabletologinwithinvalidusernameandinvalidpassword(LoginTest.java:49)
at java.base/java.util.ArrayList.forEach(ArrayList.java:1596)
... Removed 25 stack frames]]>
    </failure>
  </testcase> <!-- verifyuserisabletologinwithinvalidusernameandinvalidpassword -->
</testsuite> <!-- Test -->
